<?xml version="1.0" encoding="UTF-8"?>
<!-- Generated by org.testng.reporters.JUnitReportReporter -->
<testsuite skipped="0" hostname="HP-PC" name="com.amazon.qa.tests.LoginTest" tests="1" failures="0" timestamp="08 Feb 2019 03:45:54 GMT" time="14.915" errors="0">
  <testcase name="loginTest" time="14.915" classname="com.amazon.qa.tests.LoginTest"/>
</testsuite> <!-- com.amazon.qa.tests.LoginTest -->
